[2025-12-10 18:58:57] Unknown column 'c.name' in 'field list'
[2025-12-10 23:54:39] Insert failed: Cannot add or update a child row: a foreign key constraint fails (`greenagric`.`order_shipping_details`, CONSTRAINT `order_shipping_details_ibfk_2` FOREIGN KEY (`order_item_id`) REFERENCES `order_items` (`id`))
[2025-12-10 23:56:41] Unknown column 'c.name' in 'field list'
[2025-12-10 23:56:51] Unknown column 'c.name' in 'field list'
[2025-12-11 00:21:24] Insert failed: Cannot add or update a child row: a foreign key constraint fails (`greenagric`.`order_shipping_details`, CONSTRAINT `order_shipping_details_ibfk_2` FOREIGN KEY (`order_item_id`) REFERENCES `order_items` (`id`))
[2025-12-11 00:28:54] Insert failed: Cannot add or update a child row: a foreign key constraint fails (`greenagric`.`order_shipping_details`, CONSTRAINT `order_shipping_details_ibfk_2` FOREIGN KEY (`order_item_id`) REFERENCES `order_items` (`id`))
[2025-12-11 12:37:09] Unknown column 'c.name' in 'field list'
[2025-12-11 12:38:06] Unknown column 'c.name' in 'field list'
[2025-12-11 14:49:43] Unknown column 'c.name' in 'field list'
[2025-12-11 23:26:54] Unknown column 'p.image_path' in 'field list'
[2025-12-11 23:27:25] Unknown column 'c.name' in 'field list'
[2025-12-11 23:27:34] Unknown column 'c.name' in 'field list'
[2025-12-11 23:27:59] Unknown column 'c.name' in 'field list'
[2025-12-11 23:28:49] Unknown column 'p.image_path' in 'field list'
[2025-12-11 23:36:04] Unknown column 'c.name' in 'field list'
[2025-12-11 23:47:46] Unknown column 'p.image_path' in 'field list'
[2025-12-11 23:47:52] Unknown column 'p.image_path' in 'field list'
[2025-12-12 00:07:14] Unknown column 'c.name' in 'field list'
[2025-12-12 00:11:25] Unknown column 'p.image_path' in 'field list'
[2025-12-12 00:18:37] Query was empty
[2025-12-12 11:09:46] Unknown column 'c.name' in 'field list'
[2025-12-12 11:24:10] Unknown column 'c.name' in 'field list'
[2025-12-12 11:25:28] Unknown column 'c.name' in 'field list'
[2025-12-12 11:25:45] Unknown column 'c.name' in 'field list'
[2025-12-12 12:53:54] Unknown column 'c.name' in 'field list'
[2025-12-12 12:56:00] Unknown column 'c.name' in 'field list'
[2025-12-13 09:15:30] Unknown column 'oi.created_at' in 'where clause'
[2025-12-13 09:15:39] Unknown column 'oi.created_at' in 'field list'
[2025-12-13 09:15:39] Unknown column 'oi.created_at' in 'where clause'
[2025-12-14 21:13:05] Unknown column 'c.name' in 'field list'
[2025-12-14 21:18:26] Unknown column 'oi.created_at' in 'field list'
[2025-12-14 21:18:26] Unknown column 'oi.created_at' in 'where clause'
[2025-12-15 14:23:46] Unknown column 'p.image_path' in 'field list'
[2025-12-15 14:26:44] Unknown column 'c.name' in 'field list'
[2025-12-15 14:28:52] Unknown column 'c.name' in 'field list'
[2025-12-15 17:53:56] Insert failed: Unknown column 'ip_address' in 'field list'
[2025-12-15 18:01:32] Insert failed: Unknown column 'ip_address' in 'field list'
[2025-12-15 18:37:21] Insert failed: Unknown column 'ip_address' in 'field list'
[2025-12-15 18:37:21] Update failed: Unknown column 'updated_at' in 'field list'
[2025-12-15 18:37:37] Insert failed: Unknown column 'ip_address' in 'field list'
[2025-12-15 18:37:37] Update failed: Unknown column 'updated_at' in 'field list'
[2025-12-15 18:37:50] Insert failed: Unknown column 'ip_address' in 'field list'
[2025-12-15 18:37:50] Update failed: Unknown column 'updated_at' in 'field list'
[2025-12-15 18:38:01] Insert failed: Unknown column 'ip_address' in 'field list'
[2025-12-15 18:38:01] Update failed: Unknown column 'updated_at' in 'field list'
[2025-12-15 23:17:49] Update failed: Unknown column 'updated_at' in 'field list'
[2025-12-15 23:18:18] Update failed: Unknown column 'updated_at' in 'field list'
[2025-12-15 23:19:08] Unknown column 'oi.created_at' in 'field list'
[2025-12-15 23:19:08] Unknown column 'oi.created_at' in 'where clause'
[2025-12-16 11:50:41] Unknown column 'oi.created_at' in 'field list'
[2025-12-16 11:50:41] Unknown column 'oi.created_at' in 'where clause'
[2025-12-16 12:54:06] Table 'greenagric.reviews' doesn't exist
[2025-12-16 12:55:27] Table 'greenagric.reviews' doesn't exist
[2025-12-16 12:56:29] Table 'greenagric.reviews' doesn't exist
[2025-12-16 12:59:09] Table 'greenagric.reviews' doesn't exist
[2025-12-16 13:12:18] Table 'greenagric.reviews' doesn't exist
[2025-12-16 13:34:14] Table 'greenagric.reviews' doesn't exist
[2025-12-16 13:34:17] Table 'greenagric.reviews' doesn't exist
[2025-12-16 13:34:20] Table 'greenagric.reviews' doesn't exist
[2025-12-16 13:34:26] Unknown column 'p.image_path' in 'field list'
[2025-12-16 13:34:30] Table 'greenagric.reviews' doesn't exist
[2025-12-16 13:43:31] Table 'greenagric.reviews' doesn't exist
[2025-12-16 13:44:06] Table 'greenagric.reviews' doesn't exist
[2025-12-16 13:44:53] Table 'greenagric.reviews' doesn't exist
[2025-12-16 13:45:42] Table 'greenagric.reviews' doesn't exist
[2025-12-16 13:45:54] Table 'greenagric.reviews' doesn't exist
[2025-12-16 13:46:18] Table 'greenagric.reviews' doesn't exist
[2025-12-16 13:46:19] Table 'greenagric.reviews' doesn't exist
[2025-12-16 13:50:07] Table 'greenagric.reviews' doesn't exist
[2025-12-16 13:50:10] Table 'greenagric.reviews' doesn't exist
[2025-12-16 13:54:12] Table 'greenagric.reviews' doesn't exist
[2025-12-16 13:54:21] Table 'greenagric.reviews' doesn't exist
[2025-12-16 13:54:36] Table 'greenagric.reviews' doesn't exist
[2025-12-16 13:55:00] Table 'greenagric.reviews' doesn't exist
[2025-12-16 13:55:36] Table 'greenagric.reviews' doesn't exist
[2025-12-16 13:56:04] Table 'greenagric.reviews' doesn't exist
[2025-12-16 13:56:19] Table 'greenagric.reviews' doesn't exist
[2025-12-16 13:56:31] Table 'greenagric.reviews' doesn't exist
[2025-12-16 13:56:42] Table 'greenagric.reviews' doesn't exist
[2025-12-16 13:57:01] Table 'greenagric.reviews' doesn't exist
[2025-12-16 13:57:22] Table 'greenagric.reviews' doesn't exist
[2025-12-16 13:58:36] Table 'greenagric.reviews' doesn't exist
[2025-12-16 14:23:48] Table 'greenagric.reviews' doesn't exist
[2025-12-16 18:07:48] Table 'greenagric.reviews' doesn't exist
[2025-12-16 18:07:53] Table 'greenagric.reviews' doesn't exist
[2025-12-16 18:07:56] Table 'greenagric.reviews' doesn't exist
[2025-12-16 18:08:02] Table 'greenagric.reviews' doesn't exist
[2025-12-16 18:08:57] Table 'greenagric.reviews' doesn't exist
[2025-12-16 18:09:02] Table 'greenagric.reviews' doesn't exist
[2025-12-16 18:09:04] Unknown column 'p.image_path' in 'field list'
[2025-12-16 18:09:08] Table 'greenagric.reviews' doesn't exist
[2025-12-16 18:12:07] Table 'greenagric.reviews' doesn't exist
[2025-12-16 18:39:52] Table 'greenagric.reviews' doesn't exist
[2025-12-19 12:59:57] Table 'greenagric.reviews' doesn't exist
[2025-12-19 13:01:17] Unknown column 'p.image_path' in 'field list'
[2025-12-19 13:09:12] Table 'greenagric.reviews' doesn't exist
[2025-12-19 13:12:01] Table 'greenagric.reviews' doesn't exist
[2025-12-19 13:17:33] Table 'greenagric.reviews' doesn't exist
[2025-12-19 13:17:58] Table 'greenagric.reviews' doesn't exist
[2025-12-19 13:18:10] Table 'greenagric.reviews' doesn't exist
[2025-12-19 13:18:22] Unknown column 'p.image_path' in 'field list'
[2025-12-19 13:18:25] Table 'greenagric.reviews' doesn't exist
[2025-12-19 15:08:03] Table 'greenagric.reviews' doesn't exist
[2025-12-19 15:24:33] Table 'greenagric.reviews' doesn't exist
[2025-12-19 15:25:59] Table 'greenagric.reviews' doesn't exist
[2025-12-19 17:15:10] Table 'greenagric.reviews' doesn't exist
[2025-12-20 16:40:33] Table 'greenagric.reviews' doesn't exist
[2025-12-20 16:43:13] Table 'greenagric.reviews' doesn't exist
[2025-12-21 22:51:39] Unknown column 'oi.created_at' in 'where clause'
[2025-12-21 22:54:38] Unknown column 'oi.created_at' in 'where clause'
[2025-12-21 22:55:27] Unknown column 'oi.created_at' in 'where clause'
[2025-12-21 22:55:37] Unknown column 'oi.created_at' in 'where clause'
[2025-12-21 22:55:56] Unknown column 'oi.created_at' in 'where clause'
[2025-12-21 22:57:19] Unknown column 'oi.created_at' in 'where clause'
[2025-12-21 22:59:45] Unknown column 'oi.created_at' in 'where clause'
[2025-12-21 22:59:53] Unknown column 'oi.created_at' in 'where clause'
[2025-12-21 23:00:20] Unknown column 'oi.created_at' in 'where clause'
[2025-12-21 23:00:24] Unknown column 'oi.created_at' in 'where clause'
[2025-12-21 23:00:27] Unknown column 'oi.created_at' in 'where clause'
[2025-12-21 23:05:14] Unknown column 'oi.created_at' in 'where clause'
[2025-12-21 23:06:21] Unknown column 'oi.created_at' in 'where clause'
[2025-12-21 23:08:36] Unknown column 'oi.created_at' in 'where clause'
[2025-12-22 11:30:40] Unknown column 'oi.created_at' in 'where clause'
[2025-12-22 12:02:53] Unknown column 'oi.created_at' in 'where clause'
[2025-12-22 12:03:41] Unknown column 'oi.created_at' in 'where clause'
[2025-12-22 12:05:11] Unknown column 'oi.created_at' in 'where clause'
[2025-12-22 12:05:16] Unknown column 'oi.created_at' in 'where clause'
[2025-12-22 12:09:49] Unknown column 'oi.created_at' in 'where clause'
[2025-12-22 12:10:24] Unknown column 'oi.created_at' in 'where clause'
[2025-12-22 12:15:25] Unknown column 'oi.created_at' in 'where clause'
[2025-12-22 12:30:32] Unknown column 'oi.created_at' in 'where clause'
[2025-12-22 12:31:40] Unknown column 'oi.created_at' in 'where clause'
[2025-12-22 12:34:18] Unknown column 'oi.created_at' in 'where clause'
[2025-12-22 12:35:32] Unknown column 'oi.created_at' in 'where clause'
[2025-12-22 12:36:26] Unknown column 'oi.created_at' in 'where clause'
[2025-12-22 12:36:27] Unknown column 'oi.created_at' in 'where clause'
[2025-12-22 12:37:05] Unknown column 'oi.created_at' in 'where clause'
[2025-12-22 12:37:06] Unknown column 'oi.created_at' in 'where clause'
[2025-12-22 12:37:06] Unknown column 'oi.created_at' in 'where clause'
[2025-12-22 12:37:29] Unknown column 'oi.created_at' in 'where clause'
[2025-12-22 12:37:35] Unknown column 'oi.created_at' in 'where clause'
[2025-12-22 12:37:53] Unknown column 'oi.created_at' in 'where clause'
[2025-12-22 12:39:10] Unknown column 'oi.created_at' in 'where clause'
[2025-12-22 12:41:19] Unknown column 'oi.created_at' in 'where clause'
[2025-12-22 12:42:02] Unknown column 'oi.created_at' in 'where clause'
[2025-12-22 12:42:14] Unknown column 'oi.created_at' in 'where clause'
[2025-12-22 12:42:15] Unknown column 'oi.created_at' in 'where clause'
[2025-12-22 12:42:59] Unknown column 'oi.created_at' in 'where clause'
[2025-12-22 12:43:23] Unknown column 'oi.created_at' in 'where clause'
[2025-12-22 12:43:41] Unknown column 'oi.created_at' in 'where clause'
[2025-12-22 12:46:09] Unknown column 'oi.created_at' in 'where clause'
[2025-12-22 12:46:22] Unknown column 'oi.created_at' in 'where clause'
[2025-12-22 12:47:11] Unknown column 'oi.created_at' in 'where clause'
[2025-12-22 12:47:47] Unknown column 'oi.created_at' in 'where clause'
[2025-12-22 12:52:08] Unknown column 'oi.created_at' in 'where clause'
[2025-12-22 12:53:04] Unknown column 'oi.created_at' in 'where clause'
[2025-12-22 12:53:05] Unknown column 'oi.created_at' in 'where clause'
[2025-12-22 12:55:04] Unknown column 'oi.created_at' in 'where clause'
[2025-12-22 13:13:06] Unknown column 'oi.created_at' in 'where clause'
[2025-12-22 13:13:45] Unknown column 'oi.created_at' in 'where clause'
[2025-12-22 13:13:46] Unknown column 'oi.created_at' in 'where clause'
[2025-12-22 13:14:28] Unknown column 'oi.created_at' in 'where clause'
[2025-12-22 13:19:29] Unknown column 'oi.created_at' in 'where clause'
[2025-12-22 13:22:53] Unknown column 'oi.created_at' in 'where clause'
[2025-12-22 13:23:31] Unknown column 'oi.created_at' in 'where clause'
[2025-12-22 13:28:32] Unknown column 'oi.created_at' in 'where clause'
[2025-12-22 13:31:49] Unknown column 'oi.created_at' in 'where clause'
[2025-12-22 13:34:12] Unknown column 'oi.created_at' in 'where clause'
[2025-12-22 13:34:29] Unknown column 'oi.created_at' in 'where clause'
[2025-12-22 13:34:55] Unknown column 'oi.created_at' in 'where clause'
[2025-12-22 13:35:28] Unknown column 'oi.created_at' in 'where clause'
[2025-12-22 13:46:41] Unknown column 'oi.created_at' in 'where clause'
[2025-12-22 13:55:10] Unknown column 'oi.created_at' in 'where clause'
[2025-12-22 13:56:06] Unknown column 'oi.created_at' in 'where clause'
[2025-12-22 13:56:24] Unknown column 'oi.created_at' in 'where clause'
[2025-12-22 13:57:36] Unknown column 'oi.created_at' in 'where clause'
[2025-12-22 14:00:15] Unknown column 'oi.created_at' in 'where clause'
[2025-12-22 14:00:31] Unknown column 'oi.created_at' in 'where clause'
[2025-12-22 14:00:46] Unknown column 'oi.created_at' in 'where clause'
[2025-12-22 15:51:34] Unknown column 'oi.created_at' in 'where clause'
[2025-12-22 15:51:41] Unknown column 'oi.created_at' in 'where clause'
[2025-12-22 15:52:54] Unknown column 'oi.created_at' in 'where clause'
[2025-12-22 15:53:26] Unknown column 'oi.created_at' in 'where clause'
[2025-12-22 15:59:17] Unknown column 'oi.created_at' in 'where clause'
[2025-12-22 16:19:21] Unknown column 'oi.created_at' in 'where clause'
[2025-12-22 16:24:22] Unknown column 'oi.created_at' in 'where clause'
[2025-12-22 16:29:23] Unknown column 'oi.created_at' in 'where clause'
[2025-12-22 16:34:24] Unknown column 'oi.created_at' in 'where clause'
[2025-12-22 16:39:25] Unknown column 'oi.created_at' in 'where clause'
[2025-12-22 16:44:25] Unknown column 'oi.created_at' in 'where clause'
[2025-12-22 16:49:26] Unknown column 'oi.created_at' in 'where clause'
[2025-12-22 16:54:27] Unknown column 'oi.created_at' in 'where clause'
[2025-12-22 16:59:28] Unknown column 'oi.created_at' in 'where clause'
[2025-12-22 17:59:29] Unknown column 'oi.created_at' in 'where clause'
[2025-12-22 18:18:23] Unknown column 'oi.created_at' in 'where clause'
[2025-12-22 18:23:24] Unknown column 'oi.created_at' in 'where clause'
[2025-12-22 18:25:45] Unknown column 'oi.created_at' in 'where clause'
[2025-12-22 18:28:54] Unknown column 'oi.created_at' in 'where clause'
[2025-12-22 18:32:12] Unknown column 'oi.created_at' in 'where clause'
[2025-12-22 18:32:28] Unknown column 'oi.created_at' in 'where clause'
[2025-12-22 18:32:44] Unknown column 'oi.created_at' in 'where clause'
[2025-12-22 20:47:20] Unknown column 'oi.created_at' in 'where clause'
[2025-12-22 20:48:13] Unknown column 'oi.created_at' in 'where clause'
[2025-12-22 20:56:53] Unknown column 'oi.created_at' in 'where clause'
[2025-12-22 21:01:23] Unknown column 'oi.created_at' in 'where clause'
[2025-12-22 21:01:33] Unknown column 'oi.created_at' in 'where clause'
[2025-12-22 21:01:35] Unknown column 'oi.created_at' in 'where clause'
[2025-12-22 21:01:36] Unknown column 'oi.created_at' in 'where clause'
[2025-12-22 21:01:36] Unknown column 'oi.created_at' in 'where clause'
[2025-12-22 21:01:36] Unknown column 'oi.created_at' in 'where clause'
[2025-12-22 21:01:36] Unknown column 'oi.created_at' in 'where clause'
[2025-12-22 21:01:38] Unknown column 'oi.created_at' in 'where clause'
[2025-12-22 21:02:18] Unknown column 'oi.created_at' in 'where clause'
[2025-12-22 21:02:19] Unknown column 'oi.created_at' in 'where clause'
[2025-12-22 21:06:26] Unknown column 'oi.created_at' in 'where clause'
[2025-12-22 22:56:49] Unknown column 'oi.created_at' in 'where clause'
[2025-12-22 23:03:36] Unknown column 'oi.created_at' in 'where clause'
[2025-12-22 23:05:32] Unknown column 'oi.created_at' in 'where clause'
[2025-12-22 23:06:27] Unknown column 'oi.created_at' in 'where clause'
[2025-12-22 23:07:30] Unknown column 'oi.created_at' in 'where clause'
[2025-12-22 23:07:52] Unknown column 'oi.created_at' in 'where clause'
[2025-12-22 23:12:54] Unknown column 'oi.created_at' in 'where clause'
[2025-12-22 23:32:44] Unknown column 'oi.created_at' in 'where clause'
[2025-12-22 23:33:48] Unknown column 'oi.created_at' in 'where clause'
[2025-12-22 23:33:51] Unknown column 'oi.created_at' in 'where clause'
[2025-12-22 23:34:01] Unknown column 'oi.created_at' in 'where clause'
[2025-12-22 23:59:56] Unknown column 'oi.created_at' in 'where clause'
[2025-12-23 00:01:43] Unknown column 'oi.created_at' in 'where clause'
[2025-12-23 09:25:58] Unknown column 'oi.created_at' in 'where clause'
[2025-12-23 09:31:01] Unknown column 'oi.created_at' in 'where clause'
[2025-12-23 09:34:26] Unknown column 'oi.created_at' in 'where clause'
[2025-12-23 09:34:48] Unknown column 'oi.created_at' in 'where clause'
[2025-12-23 09:34:55] Unknown column 'oi.created_at' in 'where clause'
[2025-12-23 09:34:58] Unknown column 'oi.created_at' in 'where clause'
[2025-12-23 09:35:56] Unknown column 'oi.created_at' in 'where clause'
[2025-12-23 09:36:28] Unknown column 'oi.created_at' in 'where clause'
[2025-12-23 09:36:36] Unknown column 'oi.created_at' in 'where clause'
[2025-12-23 09:36:43] Unknown column 'oi.created_at' in 'where clause'
[2025-12-23 09:41:42] Unknown column 'oi.created_at' in 'where clause'
[2025-12-23 09:42:09] Unknown column 'oi.created_at' in 'where clause'
[2025-12-23 12:31:52] Unknown column 'oi.created_at' in 'where clause'
[2025-12-23 12:36:53] Unknown column 'oi.created_at' in 'where clause'
[2025-12-23 12:39:04] Unknown column 'oi.created_at' in 'where clause'
[2025-12-23 12:44:05] Unknown column 'oi.created_at' in 'where clause'
[2025-12-23 12:53:23] Unknown column 'oi.created_at' in 'where clause'
[2025-12-23 12:54:02] Unknown column 'oi.created_at' in 'where clause'
[2025-12-23 12:55:20] Unknown column 'oi.created_at' in 'where clause'
[2025-12-23 12:56:48] Unknown column 'oi.created_at' in 'where clause'
[2025-12-23 12:57:56] Unknown column 'oi.created_at' in 'where clause'
[2025-12-23 12:58:45] Unknown column 'oi.created_at' in 'where clause'
[2025-12-23 13:14:44] Unknown column 'oi.created_at' in 'where clause'
[2025-12-23 13:36:36] Table 'greenagric.reviews' doesn't exist
[2025-12-23 14:33:12] Table 'greenagric.reviews' doesn't exist
[2025-12-23 17:59:15] Insert failed: Unknown column 'ip_address' in 'field list'
[2025-12-23 17:59:15] Update failed: Unknown column 'updated_at' in 'field list'
[2025-12-23 18:02:20] Insert failed: Unknown column 'ip_address' in 'field list'
[2025-12-23 18:02:20] Update failed: Unknown column 'updated_at' in 'field list'
[2025-12-24 15:06:52] You have an error in your SQL syntax; check the manual that corresponds to your MariaDB server version for the right syntax to use near 'DSC' at line 9
[2025-12-25 11:18:45] Table 'greenagric.reviews' doesn't exist
[2025-12-25 11:18:51] Unknown column 'p.image_path' in 'field list'
[2025-12-26 22:34:04] Table 'greenagric.reviews' doesn't exist
[2025-12-26 22:34:12] Unknown column 'p.image_path' in 'field list'
[2025-12-26 22:34:18] Table 'greenagric.reviews' doesn't exist
[2025-12-30 10:57:40] Unknown column 'oi.created_at' in 'where clause'
[2026-01-01 22:01:02] Unknown column 'oi.created_at' in 'where clause'
[2026-01-02 04:35:44] Unknown column 'oi.created_at' in 'where clause'
[2026-01-05 12:11:35] Table 'greenagric.reviews' doesn't exist
[2026-01-05 12:12:00] Unknown column 'p.image_path' in 'field list'
[2026-01-05 12:22:31] Table 'greenagric.reviews' doesn't exist
[2026-01-05 12:22:41] Unknown column 'p.image_path' in 'field list'
[2026-01-05 12:22:43] Table 'greenagric.reviews' doesn't exist
[2026-01-05 12:22:44] Table 'greenagric.reviews' doesn't exist
[2026-01-05 12:27:19] Table 'greenagric.reviews' doesn't exist
[2026-01-05 12:29:45] Unknown column 'p.image_path' in 'field list'
[2026-01-05 12:30:09] Unknown column 'p.image_path' in 'field list'
[2026-01-05 12:30:30] Unknown column 'p.image_path' in 'field list'
[2026-01-05 12:30:51] Unknown column 'p.image_path' in 'field list'
[2026-01-05 12:35:11] Unknown column 'p.image_path' in 'field list'
[2026-01-05 22:59:35] Table 'greenagric.reviews' doesn't exist
[2026-01-05 23:00:03] Table 'greenagric.reviews' doesn't exist
[2026-01-05 23:00:14] Table 'greenagric.reviews' doesn't exist
[2026-01-05 23:01:38] Table 'greenagric.reviews' doesn't exist
[2026-01-06 15:18:40] Table 'greenagric.wishlist' doesn't exist
[2026-01-06 15:19:11] Table 'greenagric.wishlist' doesn't exist
[2026-01-06 15:28:22] Table 'greenagric.wishlist' doesn't exist
[2026-01-06 15:28:38] Table 'greenagric.wishlist' doesn't exist
[2026-01-06 17:21:59] Unknown column 'oi.created_at' in 'where clause'
[2026-01-07 10:20:10] Table 'greenagric.wishlist' doesn't exist
[2026-01-07 10:30:03] Table 'greenagric.wishlist' doesn't exist
[2026-01-07 10:30:04] Table 'greenagric.wishlist' doesn't exist
[2026-01-07 10:30:20] Table 'greenagric.wishlist' doesn't exist
[2026-01-07 10:30:50] Table 'greenagric.wishlist' doesn't exist
[2026-01-07 10:30:59] Table 'greenagric.wishlist' doesn't exist
[2026-01-07 10:31:13] Table 'greenagric.wishlist' doesn't exist
[2026-01-07 10:33:00] Table 'greenagric.wishlist' doesn't exist
[2026-01-07 17:47:14] Table 'greenagric.wishlist' doesn't exist
[2026-01-17 16:09:09] Unknown column 'oi.created_at' in 'where clause'
[2026-01-17 16:09:38] Unknown column 'oi.created_at' in 'where clause'
[2026-01-17 16:10:56] Unknown column 'oi.created_at' in 'where clause'
[2026-01-20 01:08:20] Table 'greenagric.reviews' doesn't exist
[2026-01-20 10:52:16] Unknown column 'oi.created_at' in 'where clause'
[2026-01-20 10:52:40] Unknown column 'oi.created_at' in 'where clause'
[2026-01-20 10:53:25] Table 'greenagric.reviews' doesn't exist
